# JRE version: OpenJDK Runtime Environment (8.0_152-b01) (build 1.8.0_152-release-1024-b01)
# Java VM: OpenJDK 64-Bit Server VM (25.152-b01 mixed mode bsd-amd64 compressed oops)
Heap:
 PSYoungGen      total 370688K, used 36896K [0x000000076ae00000, 0x0000000785400000, 0x00000007c0000000)
  eden space 337920K, 4% used [0x000000076ae00000,0x000000076bb524d8,0x000000077f800000)
  from space 32768K, 70% used [0x0000000781980000,0x0000000783035cc0,0x0000000783980000)
  to   space 34304K, 0% used [0x000000077f800000,0x000000077f800000,0x0000000781980000)
 ParOldGen       total 131584K, used 70485K [0x00000006c0a00000, 0x00000006c8a80000, 0x000000076ae00000)
  object space 131584K, 53% used [0x00000006c0a00000,0x00000006c4ed5728,0x00000006c8a80000)
 Metaspace       used 91773K, capacity 95476K, committed 95576K, reserved 1132544K
  class space    used 12039K, capacity 12887K, committed 12928K, reserved 1048576K
GC Heap History (10 events):
Event: 14.790 GC heap before
{Heap before GC invocations=13 (full 3):
 PSYoungGen      total 238592K, used 17579K [0x000000076ae00000, 0x000000077b300000, 0x00000007c0000000)
  eden space 219136K, 0% used [0x000000076ae00000,0x000000076ae00000,0x0000000778400000)
  from space 19456K, 90% used [0x0000000779880000,0x000000077a9aac90,0x000000077ab80000)
  to   space 20992K, 0% used [0x0000000778400000,0x0000000778400000,0x0000000779880000)
 ParOldGen       total 88064K, used 35503K [0x00000006c0a00000, 0x00000006c6000000, 0x000000076ae00000)
  object space 88064K, 40% used [0x00000006c0a00000,0x00000006c2cabc08,0x00000006c6000000)
 Metaspace       used 56801K, capacity 58824K, committed 58968K, reserved 1099776K
  class space    used 7740K, capacity 8260K, committed 8320K, reserved 1048576K
Event: 15.033 GC heap after
Heap after GC invocations=13 (full 3):
 PSYoungGen      total 238592K, used 0K [0x000000076ae00000, 0x000000077b300000, 0x00000007c0000000)
  eden space 219136K, 0% used [0x000000076ae00000,0x000000076ae00000,0x0000000778400000)
  from space 19456K, 0% used [0x0000000779880000,0x0000000779880000,0x000000077ab80000)
  to   space 20992K, 0% used [0x0000000778400000,0x0000000778400000,0x0000000779880000)
 ParOldGen       total 131584K, used 38538K [0x00000006c0a00000, 0x00000006c8a80000, 0x000000076ae00000)
  object space 131584K, 29% used [0x00000006c0a00000,0x00000006c2fa2888,0x00000006c8a80000)
 Metaspace       used 56801K, capacity 58824K, committed 58968K, reserved 1099776K
  class space    used 7740K, capacity 8260K, committed 8320K, reserved 1048576K
}
Event: 184.331 GC heap before
{Heap before GC invocations=14 (full 3):
 PSYoungGen      total 238592K, used 219136K [0x000000076ae00000, 0x000000077b300000, 0x00000007c0000000)
  eden space 219136K, 100% used [0x000000076ae00000,0x0000000778400000,0x0000000778400000)
  from space 19456K, 0% used [0x0000000779880000,0x0000000779880000,0x000000077ab80000)
  to   space 20992K, 0% used [0x0000000778400000,0x0000000778400000,0x0000000779880000)
 ParOldGen       total 131584K, used 38538K [0x00000006c0a00000, 0x00000006c8a80000, 0x000000076ae00000)
  object space 131584K, 29% used [0x00000006c0a00000,0x00000006c2fa2888,0x00000006c8a80000)
 Metaspace       used 69069K, capacity 71236K, committed 71512K, reserved 1112064K
  class space    used 9245K, capacity 9828K, committed 9856K, reserved 1048576K
Event: 184.391 GC heap after
Heap after GC invocations=14 (full 3):
 PSYoungGen      total 240128K, used 20990K [0x000000076ae00000, 0x000000077f000000, 0x00000007c0000000)
  eden space 219136K, 0% used [0x000000076ae00000,0x000000076ae00000,0x0000000778400000)
  from space 20992K, 99% used [0x0000000778400000,0x000000077987f8e8,0x0000000779880000)
  to   space 28160K, 0% used [0x000000077d480000,0x000000077d480000,0x000000077f000000)
 ParOldGen       total 131584K, used 49646K [0x00000006c0a00000, 0x00000006c8a80000, 0x000000076ae00000)
  object space 131584K, 37% used [0x00000006c0a00000,0x00000006c3a7bbe0,0x00000006c8a80000)
 Metaspace       used 69069K, capacity 71236K, committed 71512K, reserved 1112064K
  class space    used 9245K, capacity 9828K, committed 9856K, reserved 1048576K
}
Event: 187.734 GC heap before
{Heap before GC invocations=15 (full 3):
 PSYoungGen      total 240128K, used 240126K [0x000000076ae00000, 0x000000077f000000, 0x00000007c0000000)
  eden space 219136K, 100% used [0x000000076ae00000,0x0000000778400000,0x0000000778400000)
  from space 20992K, 99% used [0x0000000778400000,0x000000077987f8e8,0x0000000779880000)
  to   space 28160K, 0% used [0x000000077d480000,0x000000077d480000,0x000000077f000000)
 ParOldGen       total 131584K, used 49646K [0x00000006c0a00000, 0x00000006c8a80000, 0x000000076ae00000)
  object space 131584K, 37% used [0x00000006c0a00000,0x00000006c3a7bbe0,0x00000006c8a80000)
 Metaspace       used 83764K, capacity 86862K, committed 87000K, reserved 1124352K
  class space    used 11181K, capacity 11922K, committed 12032K, reserved 1048576K
Event: 187.833 GC heap after
Heap after GC invocations=15 (full 3):
 PSYoungGen      total 298496K, used 24694K [0x000000076ae00000, 0x000000077fa80000, 0x00000007c0000000)
  eden space 270336K, 0% used [0x000000076ae00000,0x000000076ae00000,0x000000077b600000)
  from space 28160K, 87% used [0x000000077d480000,0x000000077ec9da30,0x000000077f000000)
  to   space 31232K, 0% used [0x000000077b600000,0x000000077b600000,0x000000077d480000)
 ParOldGen       total 131584K, used 70469K [0x00000006c0a00000, 0x00000006c8a80000, 0x000000076ae00000)
  object space 131584K, 53% used [0x00000006c0a00000,0x00000006c4ed1728,0x00000006c8a80000)
 Metaspace       used 83764K, capacity 86862K, committed 87000K, reserved 1124352K
  class space    used 11181K, capacity 11922K, committed 12032K, reserved 1048576K
}
Event: 194.922 GC heap before
{Heap before GC invocations=16 (full 3):
 PSYoungGen      total 298496K, used 295030K [0x000000076ae00000, 0x000000077fa80000, 0x00000007c0000000)
  eden space 270336K, 100% used [0x000000076ae00000,0x000000077b600000,0x000000077b600000)
  from space 28160K, 87% used [0x000000077d480000,0x000000077ec9da30,0x000000077f000000)
  to   space 31232K, 0% used [0x000000077b600000,0x000000077b600000,0x000000077d480000)
 ParOldGen       total 131584K, used 70469K [0x00000006c0a00000, 0x00000006c8a80000, 0x000000076ae00000)
  object space 131584K, 53% used [0x00000006c0a00000,0x00000006c4ed1728,0x00000006c8a80000)
 Metaspace       used 90344K, capacity 93792K, committed 94040K, reserved 1130496K
  class space    used 11806K, capacity 12613K, committed 12672K, reserved 1048576K
Event: 195.021 GC heap after
Heap after GC invocations=16 (full 3):
 PSYoungGen      total 301568K, used 23752K [0x000000076ae00000, 0x0000000783980000, 0x00000007c0000000)
  eden space 270336K, 0% used [0x000000076ae00000,0x000000076ae00000,0x000000077b600000)
  from space 31232K, 76% used [0x000000077b600000,0x000000077cd32040,0x000000077d480000)
  to   space 32768K, 0% used [0x0000000781980000,0x0000000781980000,0x0000000783980000)
 ParOldGen       total 131584K, used 70477K [0x00000006c0a00000, 0x00000006c8a80000, 0x000000076ae00000)
  object space 131584K, 53% used [0x00000006c0a00000,0x00000006c4ed3728,0x00000006c8a80000)
 Metaspace       used 90344K, capacity 93792K, committed 94040K, reserved 1130496K
  class space    used 11806K, capacity 12613K, committed 12672K, reserved 1048576K
}
Event: 195.733 GC heap before
{Heap before GC invocations=17 (full 3):
 PSYoungGen      total 301568K, used 294088K [0x000000076ae00000, 0x0000000783980000, 0x00000007c0000000)
  eden space 270336K, 100% used [0x000000076ae00000,0x000000077b600000,0x000000077b600000)
  from space 31232K, 76% used [0x000000077b600000,0x000000077cd32040,0x000000077d480000)
  to   space 32768K, 0% used [0x0000000781980000,0x0000000781980000,0x0000000783980000)
 ParOldGen       total 131584K, used 70477K [0x00000006c0a00000, 0x00000006c8a80000, 0x000000076ae00000)
  object space 131584K, 53% used [0x00000006c0a00000,0x00000006c4ed3728,0x00000006c8a80000)
 Metaspace       used 91476K, capacity 95160K, committed 95320K, reserved 1132544K
  class space    used 11980K, capacity 12825K, committed 12928K, reserved 1048576K
Event: 195.796 GC heap after
Heap after GC invocations=17 (full 3):
 PSYoungGen      total 370688K, used 23255K [0x000000076ae00000, 0x0000000785400000, 0x00000007c0000000)
  eden space 337920K, 0% used [0x000000076ae00000,0x000000076ae00000,0x000000077f800000)
  from space 32768K, 70% used [0x0000000781980000,0x0000000783035cc0,0x0000000783980000)
  to   space 34304K, 0% used [0x000000077f800000,0x000000077f800000,0x0000000781980000)
 ParOldGen       total 131584K, used 70485K [0x00000006c0a00000, 0x00000006c8a80000, 0x000000076ae00000)
  object space 131584K, 53% used [0x00000006c0a00000,0x00000006c4ed5728,0x00000006c8a80000)
 Metaspace       used 91476K, capacity 95160K, committed 95320K, reserved 1132544K
  class space    used 11980K, capacity 12825K, committed 12928K, reserved 1048576K
}

