# JRE version: OpenJDK Runtime Environment (8.0_152-b01) (build 1.8.0_152-release-1024-b01)
# Java VM: OpenJDK 64-Bit Server VM (25.152-b01 mixed mode bsd-amd64 compressed oops)
Heap:
 PSYoungGen      total 1292800K, used 555290K [0x000000076ae00000, 0x00000007c0000000, 0x00000007c0000000)
  eden space 1218560K, 45% used [0x000000076ae00000,0x000000078cc469b0,0x00000007b5400000)
  from space 74240K, 0% used [0x00000007b5400000,0x00000007b5400000,0x00000007b9c80000)
  to   space 94208K, 0% used [0x00000007ba400000,0x00000007ba400000,0x00000007c0000000)
 ParOldGen       total 352768K, used 151306K [0x00000006c0a00000, 0x00000006d6280000, 0x000000076ae00000)
  object space 352768K, 42% used [0x00000006c0a00000,0x00000006c9dc2b10,0x00000006d6280000)
 Metaspace       used 258860K, capacity 277282K, committed 278872K, reserved 1292288K
  class space    used 32415K, capacity 35570K, committed 35968K, reserved 1048576K
GC Heap History (10 events):
Event: 3239.575 GC heap before
{Heap before GC invocations=39 (full 5):
 PSYoungGen      total 1317888K, used 1282710K [0x000000076ae00000, 0x00000007c0000000, 0x00000007c0000000)
  eden space 1241088K, 100% used [0x000000076ae00000,0x00000007b6a00000,0x00000007b6a00000)
  from space 76800K, 54% used [0x00000007b6a00000,0x00000007b92a58b0,0x00000007bb500000)
  to   space 74752K, 0% used [0x00000007bb700000,0x00000007bb700000,0x00000007c0000000)
 ParOldGen       total 261632K, used 94292K [0x00000006c0a00000, 0x00000006d0980000, 0x000000076ae00000)
  object space 261632K, 36% used [0x00000006c0a00000,0x00000006c6615150,0x00000006d0980000)
 Metaspace       used 225054K, capacity 240656K, committed 240728K, reserved 1259520K
  class space    used 28359K, capacity 31084K, committed 31104K, reserved 1048576K
Event: 3240.252 GC heap after
Heap after GC invocations=39 (full 5):
 PSYoungGen      total 1304576K, used 68085K [0x000000076ae00000, 0x00000007c0000000, 0x00000007c0000000)
  eden space 1229824K, 0% used [0x000000076ae00000,0x000000076ae00000,0x00000007b5f00000)
  from space 74752K, 91% used [0x00000007bb700000,0x00000007bf97d6b0,0x00000007c0000000)
  to   space 82432K, 0% used [0x00000007b5f00000,0x00000007b5f00000,0x00000007baf80000)
 ParOldGen       total 261632K, used 94300K [0x00000006c0a00000, 0x00000006d0980000, 0x000000076ae00000)
  object space 261632K, 36% used [0x00000006c0a00000,0x00000006c6617150,0x00000006d0980000)
 Metaspace       used 225054K, capacity 240656K, committed 240728K, reserved 1259520K
  class space    used 28359K, capacity 31084K, committed 31104K, reserved 1048576K
}
Event: 3256.397 GC heap before
{Heap before GC invocations=40 (full 5):
 PSYoungGen      total 1304576K, used 1297909K [0x000000076ae00000, 0x00000007c0000000, 0x00000007c0000000)
  eden space 1229824K, 100% used [0x000000076ae00000,0x00000007b5f00000,0x00000007b5f00000)
  from space 74752K, 91% used [0x00000007bb700000,0x00000007bf97d6b0,0x00000007c0000000)
  to   space 82432K, 0% used [0x00000007b5f00000,0x00000007b5f00000,0x00000007baf80000)
 ParOldGen       total 261632K, used 94300K [0x00000006c0a00000, 0x00000006d0980000, 0x000000076ae00000)
  object space 261632K, 36% used [0x00000006c0a00000,0x00000006c6617150,0x00000006d0980000)
 Metaspace       used 236942K, capacity 253942K, committed 254040K, reserved 1269760K
  class space    used 29919K, capacity 32866K, committed 32896K, reserved 1048576K
Event: 3256.514 GC heap after
Heap after GC invocations=40 (full 5):
 PSYoungGen      total 1299456K, used 69362K [0x000000076ae00000, 0x00000007c0000000, 0x00000007c0000000)
  eden space 1229824K, 0% used [0x000000076ae00000,0x000000076ae00000,0x00000007b5f00000)
  from space 69632K, 99% used [0x00000007b5f00000,0x00000007ba2bc8e8,0x00000007ba300000)
  to   space 89088K, 0% used [0x00000007ba900000,0x00000007ba900000,0x00000007c0000000)
 ParOldGen       total 261632K, used 94308K [0x00000006c0a00000, 0x00000006d0980000, 0x000000076ae00000)
  object space 261632K, 36% used [0x00000006c0a00000,0x00000006c6619150,0x00000006d0980000)
 Metaspace       used 236942K, capacity 253942K, committed 254040K, reserved 1269760K
  class space    used 29919K, capacity 32866K, committed 32896K, reserved 1048576K
}
Event: 3261.893 GC heap before
{Heap before GC invocations=41 (full 5):
 PSYoungGen      total 1299456K, used 1299186K [0x000000076ae00000, 0x00000007c0000000, 0x00000007c0000000)
  eden space 1229824K, 100% used [0x000000076ae00000,0x00000007b5f00000,0x00000007b5f00000)
  from space 69632K, 99% used [0x00000007b5f00000,0x00000007ba2bc8e8,0x00000007ba300000)
  to   space 89088K, 0% used [0x00000007ba900000,0x00000007ba900000,0x00000007c0000000)
 ParOldGen       total 261632K, used 94308K [0x00000006c0a00000, 0x00000006d0980000, 0x000000076ae00000)
  object space 261632K, 36% used [0x00000006c0a00000,0x00000006c6619150,0x00000006d0980000)
 Metaspace       used 237526K, capacity 254582K, committed 254808K, reserved 1271808K
  class space    used 29924K, capacity 32866K, committed 32896K, reserved 1048576K
Event: 3261.988 GC heap after
Heap after GC invocations=41 (full 5):
 PSYoungGen      total 1307648K, used 50604K [0x000000076ae00000, 0x00000007c0000000, 0x00000007c0000000)
  eden space 1218560K, 0% used [0x000000076ae00000,0x000000076ae00000,0x00000007b5400000)
  from space 89088K, 56% used [0x00000007ba900000,0x00000007bda6b188,0x00000007c0000000)
  to   space 87040K, 0% used [0x00000007b5400000,0x00000007b5400000,0x00000007ba900000)
 ParOldGen       total 261632K, used 94316K [0x00000006c0a00000, 0x00000006d0980000, 0x000000076ae00000)
  object space 261632K, 36% used [0x00000006c0a00000,0x00000006c661b150,0x00000006d0980000)
 Metaspace       used 237526K, capacity 254582K, committed 254808K, reserved 1271808K
  class space    used 29924K, capacity 32866K, committed 32896K, reserved 1048576K
}
Event: 3928.086 GC heap before
{Heap before GC invocations=42 (full 5):
 PSYoungGen      total 1307648K, used 1109669K [0x000000076ae00000, 0x00000007c0000000, 0x00000007c0000000)
  eden space 1218560K, 86% used [0x000000076ae00000,0x00000007ab83e490,0x00000007b5400000)
  from space 89088K, 56% used [0x00000007ba900000,0x00000007bda6b188,0x00000007c0000000)
  to   space 87040K, 0% used [0x00000007b5400000,0x00000007b5400000,0x00000007ba900000)
 ParOldGen       total 261632K, used 94316K [0x00000006c0a00000, 0x00000006d0980000, 0x000000076ae00000)
  object space 261632K, 36% used [0x00000006c0a00000,0x00000006c661b150,0x00000006d0980000)
 Metaspace       used 253909K, capacity 272950K, committed 273000K, reserved 1288192K
  class space    used 32053K, capacity 35309K, committed 35328K, reserved 1048576K
Event: 3928.611 GC heap after
Heap after GC invocations=42 (full 5):
 PSYoungGen      total 1292800K, used 73919K [0x000000076ae00000, 0x00000007c0000000, 0x00000007c0000000)
  eden space 1218560K, 0% used [0x000000076ae00000,0x000000076ae00000,0x00000007b5400000)
  from space 74240K, 99% used [0x00000007b5400000,0x00000007b9c2fd90,0x00000007b9c80000)
  to   space 94208K, 0% used [0x00000007ba400000,0x00000007ba400000,0x00000007c0000000)
 ParOldGen       total 261632K, used 94324K [0x00000006c0a00000, 0x00000006d0980000, 0x000000076ae00000)
  object space 261632K, 36% used [0x00000006c0a00000,0x00000006c661d150,0x00000006d0980000)
 Metaspace       used 253909K, capacity 272950K, committed 273000K, reserved 1288192K
  class space    used 32053K, capacity 35309K, committed 35328K, reserved 1048576K
}
Event: 3928.611 GC heap before
{Heap before GC invocations=43 (full 6):
 PSYoungGen      total 1292800K, used 73919K [0x000000076ae00000, 0x00000007c0000000, 0x00000007c0000000)
  eden space 1218560K, 0% used [0x000000076ae00000,0x000000076ae00000,0x00000007b5400000)
  from space 74240K, 99% used [0x00000007b5400000,0x00000007b9c2fd90,0x00000007b9c80000)
  to   space 94208K, 0% used [0x00000007ba400000,0x00000007ba400000,0x00000007c0000000)
 ParOldGen       total 261632K, used 94324K [0x00000006c0a00000, 0x00000006d0980000, 0x000000076ae00000)
  object space 261632K, 36% used [0x00000006c0a00000,0x00000006c661d150,0x00000006d0980000)
 Metaspace       used 253909K, capacity 272950K, committed 273000K, reserved 1288192K
  class space    used 32053K, capacity 35309K, committed 35328K, reserved 1048576K
Event: 3930.514 GC heap after
Heap after GC invocations=43 (full 6):
 PSYoungGen      total 1292800K, used 0K [0x000000076ae00000, 0x00000007c0000000, 0x00000007c0000000)
  eden space 1218560K, 0% used [0x000000076ae00000,0x000000076ae00000,0x00000007b5400000)
  from space 74240K, 0% used [0x00000007b5400000,0x00000007b5400000,0x00000007b9c80000)
  to   space 94208K, 0% used [0x00000007ba400000,0x00000007ba400000,0x00000007c0000000)
 ParOldGen       total 352768K, used 151306K [0x00000006c0a00000, 0x00000006d6280000, 0x000000076ae00000)
  object space 352768K, 42% used [0x00000006c0a00000,0x00000006c9dc2b10,0x00000006d6280000)
 Metaspace       used 253015K, capacity 270768K, committed 273000K, reserved 1288192K
  class space    used 31759K, capacity 34833K, committed 35328K, reserved 1048576K
}

